[2025-11-07 06:29:56] Running backup script...
[2025-11-07 06:29:56] Backup completed successfully.
[2025-11-07 06:30:19] Starting system update & cleanup...
[2025-11-07 06:30:29] System update and cleanup completed.
[2025-11-07 06:30:43] Monitoring system logs...
[2025-11-07 06:30:43] Log monitoring completed.
[2025-11-07 06:31:23] Exiting Maintenance Suite.
[2025-11-07 06:34:02] Running backup script...
[2025-11-07 06:34:02] Backup completed successfully.
[2025-11-07 06:34:10] Starting system update & cleanup...
[2025-11-07 06:34:20] System update and cleanup completed.
[2025-11-07 06:34:24] Monitoring system logs...
[2025-11-07 06:34:24] Log monitoring completed.
[2025-11-07 06:34:35] Exiting Maintenance Suite.
[2025-11-07 12:51:41] Running backup script...
[2025-11-07 12:51:41] Backup completed successfully.
[2025-11-07 12:53:38] Starting system update & cleanup...
[2025-11-07 12:53:51] System update and cleanup completed.
[2025-11-07 12:54:40] Monitoring system logs...
[2025-11-07 12:54:40] Log monitoring completed.
[2025-11-07 12:54:59] Monitoring system logs...
[2025-11-07 12:54:59] Log monitoring completed.
[2025-11-07 12:55:13] Exiting Maintenance Suite.
[2025-11-07 14:45:11] Running backup script...
[2025-11-07 14:45:11] Backup completed successfully.
[2025-11-07 14:45:51] Starting system update & cleanup...
[2025-11-07 14:46:02] System update and cleanup completed.
[2025-11-07 14:46:19] Monitoring system logs...
[2025-11-07 14:46:19] Log monitoring completed.
[2025-11-07 14:47:34] Exiting Maintenance Suite.
